2016-10-10 9:15:46 - PHP Notice:  Undefined index: name in C:\xampp\htdocs\OC_slapslap_PAV\system\pavothemes\widget\product_list.php on line 22
2016-10-10 9:15:46 - PHP Notice:  Undefined index: name in C:\xampp\htdocs\OC_slapslap_PAV\system\pavothemes\widget\product_list.php on line 22
2016-10-10 9:15:46 - PHP Notice:  Undefined index: name in C:\xampp\htdocs\OC_slapslap_PAV\system\pavothemes\widget\product_list.php on line 22
2016-10-10 9:15:46 - PHP Notice:  Undefined index: name in C:\xampp\htdocs\OC_slapslap_PAV\system\pavothemes\widget\product_list.php on line 22
2016-10-10 18:43:09 - PHP Notice:  Undefined index: name in C:\xampp\htdocs\OC_slapslap_PAV\system\pavothemes\widget\product_list.php on line 22
2016-10-10 18:43:09 - PHP Notice:  Undefined index: name in C:\xampp\htdocs\OC_slapslap_PAV\system\pavothemes\widget\product_list.php on line 22
2016-10-10 18:43:09 - PHP Notice:  Undefined index: name in C:\xampp\htdocs\OC_slapslap_PAV\system\pavothemes\widget\product_list.php on line 22
2016-10-10 18:43:09 - PHP Notice:  Undefined index: name in C:\xampp\htdocs\OC_slapslap_PAV\system\pavothemes\widget\product_list.php on line 22
2016-10-12 11:09:19 - PHP Notice:  Error: Could not load template C:/xampp/htdocs/OC_slapslap_PAV/catalog/view/theme/default/template/default/template/module/instagram.tpl! in C:\xampp\htdocs\OC_slapslap_PAV\system\storage\modification\system\library\template\basic.php on line 26
2016-10-12 11:15:45 - PHP Notice:  Undefined index: username in C:\xampp\htdocs\OC_slapslap_PAV\catalog\controller\module\instagram.php on line 13
2016-10-12 11:15:46 - PHP Notice:  Trying to get property of non-object in C:\xampp\htdocs\OC_slapslap_PAV\catalog\controller\module\instagram.php on line 25
2016-10-12 11:15:46 - PHP Notice:  Undefined index: limit in C:\xampp\htdocs\OC_slapslap_PAV\catalog\controller\module\instagram.php on line 25
2016-10-12 11:15:46 - PHP Warning:  array_slice() expects parameter 1 to be array, null given in C:\xampp\htdocs\OC_slapslap_PAV\catalog\controller\module\instagram.php on line 25
2016-10-12 11:15:46 - PHP Notice:  Undefined index: username in C:\xampp\htdocs\OC_slapslap_PAV\catalog\controller\module\instagram.php on line 13
2016-10-12 11:15:46 - PHP Notice:  Trying to get property of non-object in C:\xampp\htdocs\OC_slapslap_PAV\catalog\controller\module\instagram.php on line 25
2016-10-12 11:15:46 - PHP Notice:  Undefined index: limit in C:\xampp\htdocs\OC_slapslap_PAV\catalog\controller\module\instagram.php on line 25
2016-10-12 11:15:46 - PHP Warning:  array_slice() expects parameter 1 to be array, null given in C:\xampp\htdocs\OC_slapslap_PAV\catalog\controller\module\instagram.php on line 25
2016-10-12 11:16:38 - PHP Notice:  Undefined index: code in C:\xampp\htdocs\OC_slapslap_PAV\admin\model\extension\module.php on line 21
2016-10-12 11:16:38 - PHP Notice:  Undefined index: code in C:\xampp\htdocs\OC_slapslap_PAV\admin\model\extension\module.php on line 21
2016-10-12 11:17:35 - PHP Notice:  Undefined index: username in C:\xampp\htdocs\OC_slapslap_PAV\catalog\controller\module\instagram.php on line 13
2016-10-12 11:17:36 - PHP Notice:  Trying to get property of non-object in C:\xampp\htdocs\OC_slapslap_PAV\catalog\controller\module\instagram.php on line 25
2016-10-12 11:17:36 - PHP Notice:  Undefined index: limit in C:\xampp\htdocs\OC_slapslap_PAV\catalog\controller\module\instagram.php on line 25
2016-10-12 11:17:36 - PHP Warning:  array_slice() expects parameter 1 to be array, null given in C:\xampp\htdocs\OC_slapslap_PAV\catalog\controller\module\instagram.php on line 25
2016-10-12 11:17:37 - PHP Notice:  Error: Could not load template C:/xampp/htdocs/OC_slapslap_PAV/catalog/view/theme/default/template/default/template/module/instagram.tpl! in C:\xampp\htdocs\OC_slapslap_PAV\system\storage\modification\system\library\template\basic.php on line 26
2016-10-12 11:25:31 - PHP Notice:  Error: Could not load template C:/xampp/htdocs/OC_slapslap_PAV/catalog/view/theme/default/template/default/template/module/instagram.tpl! in C:\xampp\htdocs\OC_slapslap_PAV\system\storage\modification\system\library\template\basic.php on line 26
2016-10-12 11:29:11 - PHP Notice:  Trying to get property of non-object in C:\xampp\htdocs\OC_slapslap_PAV\catalog\controller\module\instagram.php on line 25
2016-10-12 11:29:11 - PHP Warning:  array_slice() expects parameter 1 to be array, null given in C:\xampp\htdocs\OC_slapslap_PAV\catalog\controller\module\instagram.php on line 25
2016-10-12 11:31:36 - PHP Notice:  Trying to get property of non-object in C:\xampp\htdocs\OC_slapslap_PAV\catalog\controller\module\instagram.php on line 25
2016-10-12 11:31:36 - PHP Warning:  array_slice() expects parameter 1 to be array, null given in C:\xampp\htdocs\OC_slapslap_PAV\catalog\controller\module\instagram.php on line 25
2016-10-12 13:53:56 - PHP Warning:  file_get_contents(): SSL: The operation completed successfully.
 in C:\xampp\htdocs\OC_slapslap_PAV\catalog\controller\module\instagram.php on line 29
2016-10-12 13:53:56 - PHP Notice:  Trying to get property of non-object in C:\xampp\htdocs\OC_slapslap_PAV\catalog\controller\module\instagram.php on line 31
2016-10-12 13:53:56 - PHP Notice:  Trying to get property of non-object in C:\xampp\htdocs\OC_slapslap_PAV\catalog\controller\module\instagram.php on line 34
2016-10-12 13:53:56 - PHP Notice:  Trying to get property of non-object in C:\xampp\htdocs\OC_slapslap_PAV\catalog\controller\module\instagram.php on line 37
2016-10-12 14:12:46 - PHP Warning:  file_get_contents(): SSL: The operation completed successfully.
 in C:\xampp\htdocs\OC_slapslap_PAV\catalog\controller\module\instagram.php on line 29
2016-10-12 14:12:46 - PHP Notice:  Trying to get property of non-object in C:\xampp\htdocs\OC_slapslap_PAV\catalog\controller\module\instagram.php on line 31
2016-10-12 14:12:46 - PHP Notice:  Trying to get property of non-object in C:\xampp\htdocs\OC_slapslap_PAV\catalog\controller\module\instagram.php on line 34
2016-10-12 14:12:46 - PHP Notice:  Trying to get property of non-object in C:\xampp\htdocs\OC_slapslap_PAV\catalog\controller\module\instagram.php on line 37
2016-10-12 14:20:44 - PHP Warning:  ftp_mkdir(): Can't create directory. Permission denied in C:\xampp\htdocs\OC_slapslap_PAV\admin\controller\extension\installer.php on line 338
2016-10-12 14:20:44 - PHP Warning:  ftp_mkdir(): Can't create directory. Permission denied in C:\xampp\htdocs\OC_slapslap_PAV\admin\controller\extension\installer.php on line 338
2016-10-12 14:20:44 - PHP Warning:  Invalid argument supplied for foreach() in C:\xampp\htdocs\OC_slapslap_PAV\admin\controller\extension\installer.php on line 333
2016-10-12 14:20:44 - PHP Warning:  ftp_mkdir(): Can't create directory. Permission denied in C:\xampp\htdocs\OC_slapslap_PAV\admin\controller\extension\installer.php on line 338
2016-10-12 14:20:44 - PHP Warning:  Invalid argument supplied for foreach() in C:\xampp\htdocs\OC_slapslap_PAV\admin\controller\extension\installer.php on line 333
2016-10-12 14:20:44 - PHP Warning:  ftp_mkdir(): Can't create directory. Permission denied in C:\xampp\htdocs\OC_slapslap_PAV\admin\controller\extension\installer.php on line 338
2016-10-12 14:20:44 - PHP Warning:  Invalid argument supplied for foreach() in C:\xampp\htdocs\OC_slapslap_PAV\admin\controller\extension\installer.php on line 333
2016-10-12 14:20:44 - PHP Warning:  ftp_mkdir(): Can't create directory. Permission denied in C:\xampp\htdocs\OC_slapslap_PAV\admin\controller\extension\installer.php on line 338
2016-10-12 14:20:44 - PHP Warning:  Invalid argument supplied for foreach() in C:\xampp\htdocs\OC_slapslap_PAV\admin\controller\extension\installer.php on line 333
2016-10-12 14:20:44 - PHP Warning:  ftp_mkdir(): Can't create directory. Permission denied in C:\xampp\htdocs\OC_slapslap_PAV\admin\controller\extension\installer.php on line 338
2016-10-12 14:20:44 - PHP Warning:  Invalid argument supplied for foreach() in C:\xampp\htdocs\OC_slapslap_PAV\admin\controller\extension\installer.php on line 333
2016-10-12 14:20:44 - PHP Warning:  ftp_mkdir(): Can't create directory. Permission denied in C:\xampp\htdocs\OC_slapslap_PAV\admin\controller\extension\installer.php on line 338
2016-10-12 14:20:44 - PHP Warning:  Invalid argument supplied for foreach() in C:\xampp\htdocs\OC_slapslap_PAV\admin\controller\extension\installer.php on line 333
2016-10-12 14:20:44 - PHP Warning:  ftp_mkdir(): Can't create directory. Permission denied in C:\xampp\htdocs\OC_slapslap_PAV\admin\controller\extension\installer.php on line 338
2016-10-12 14:20:44 - PHP Warning:  Invalid argument supplied for foreach() in C:\xampp\htdocs\OC_slapslap_PAV\admin\controller\extension\installer.php on line 333
2016-10-12 14:20:44 - PHP Warning:  ftp_mkdir(): Can't create directory. Permission denied in C:\xampp\htdocs\OC_slapslap_PAV\admin\controller\extension\installer.php on line 338
2016-10-12 14:20:44 - PHP Warning:  Invalid argument supplied for foreach() in C:\xampp\htdocs\OC_slapslap_PAV\admin\controller\extension\installer.php on line 333
2016-10-12 14:20:44 - PHP Warning:  ftp_mkdir(): Can't create directory. Permission denied in C:\xampp\htdocs\OC_slapslap_PAV\admin\controller\extension\installer.php on line 338
2016-10-12 14:20:44 - PHP Warning:  Invalid argument supplied for foreach() in C:\xampp\htdocs\OC_slapslap_PAV\admin\controller\extension\installer.php on line 333
2016-10-12 14:20:44 - PHP Warning:  ftp_mkdir(): Can't create directory. Permission denied in C:\xampp\htdocs\OC_slapslap_PAV\admin\controller\extension\installer.php on line 338
2016-10-12 14:20:44 - PHP Warning:  Invalid argument supplied for foreach() in C:\xampp\htdocs\OC_slapslap_PAV\admin\controller\extension\installer.php on line 333
2016-10-12 14:20:44 - PHP Warning:  ftp_mkdir(): Can't create directory. Permission denied in C:\xampp\htdocs\OC_slapslap_PAV\admin\controller\extension\installer.php on line 338
2016-10-12 14:20:44 - PHP Warning:  Invalid argument supplied for foreach() in C:\xampp\htdocs\OC_slapslap_PAV\admin\controller\extension\installer.php on line 333
2016-10-12 14:20:44 - PHP Warning:  ftp_mkdir(): Can't create directory. Permission denied in C:\xampp\htdocs\OC_slapslap_PAV\admin\controller\extension\installer.php on line 338
2016-10-12 14:20:44 - PHP Warning:  Invalid argument supplied for foreach() in C:\xampp\htdocs\OC_slapslap_PAV\admin\controller\extension\installer.php on line 333
2016-10-12 14:20:44 - PHP Warning:  ftp_mkdir(): Can't create directory. Permission denied in C:\xampp\htdocs\OC_slapslap_PAV\admin\controller\extension\installer.php on line 338
2016-10-12 14:20:44 - PHP Warning:  Invalid argument supplied for foreach() in C:\xampp\htdocs\OC_slapslap_PAV\admin\controller\extension\installer.php on line 333
2016-10-12 14:20:44 - PHP Warning:  ftp_mkdir(): Can't create directory. Permission denied in C:\xampp\htdocs\OC_slapslap_PAV\admin\controller\extension\installer.php on line 338
2016-10-12 14:20:44 - PHP Warning:  ftp_put(): Filename invalid in C:\xampp\htdocs\OC_slapslap_PAV\admin\controller\extension\installer.php on line 345
2016-10-12 14:20:44 - PHP Warning:  Invalid argument supplied for foreach() in C:\xampp\htdocs\OC_slapslap_PAV\admin\controller\extension\installer.php on line 333
2016-10-12 14:20:44 - PHP Warning:  ftp_mkdir(): Can't create directory. Permission denied in C:\xampp\htdocs\OC_slapslap_PAV\admin\controller\extension\installer.php on line 338
2016-10-12 14:20:44 - PHP Warning:  Invalid argument supplied for foreach() in C:\xampp\htdocs\OC_slapslap_PAV\admin\controller\extension\installer.php on line 333
2016-10-12 14:20:44 - PHP Warning:  ftp_mkdir(): Can't create directory. Permission denied in C:\xampp\htdocs\OC_slapslap_PAV\admin\controller\extension\installer.php on line 338
2016-10-12 14:20:44 - PHP Warning:  Invalid argument supplied for foreach() in C:\xampp\htdocs\OC_slapslap_PAV\admin\controller\extension\installer.php on line 333
2016-10-12 14:20:44 - PHP Warning:  ftp_mkdir(): Can't create directory. Permission denied in C:\xampp\htdocs\OC_slapslap_PAV\admin\controller\extension\installer.php on line 338
2016-10-12 14:20:44 - PHP Warning:  Invalid argument supplied for foreach() in C:\xampp\htdocs\OC_slapslap_PAV\admin\controller\extension\installer.php on line 333
2016-10-12 14:20:44 - PHP Warning:  ftp_mkdir(): Can't create directory. Permission denied in C:\xampp\htdocs\OC_slapslap_PAV\admin\controller\extension\installer.php on line 338
2016-10-12 14:20:44 - PHP Warning:  Invalid argument supplied for foreach() in C:\xampp\htdocs\OC_slapslap_PAV\admin\controller\extension\installer.php on line 333
2016-10-12 14:20:44 - PHP Warning:  ftp_mkdir(): Can't create directory. Permission denied in C:\xampp\htdocs\OC_slapslap_PAV\admin\controller\extension\installer.php on line 338
2016-10-12 14:20:44 - PHP Warning:  ftp_put(): Filename invalid in C:\xampp\htdocs\OC_slapslap_PAV\admin\controller\extension\installer.php on line 345
2016-10-12 14:20:44 - PHP Warning:  Invalid argument supplied for foreach() in C:\xampp\htdocs\OC_slapslap_PAV\admin\controller\extension\installer.php on line 333
2016-10-12 14:20:44 - PHP Warning:  ftp_mkdir(): Can't create directory. Permission denied in C:\xampp\htdocs\OC_slapslap_PAV\admin\controller\extension\installer.php on line 338
2016-10-12 14:20:44 - PHP Warning:  ftp_put(): Filename invalid in C:\xampp\htdocs\OC_slapslap_PAV\admin\controller\extension\installer.php on line 345
2016-10-12 14:20:44 - PHP Warning:  ftp_put(): Filename invalid in C:\xampp\htdocs\OC_slapslap_PAV\admin\controller\extension\installer.php on line 345
2016-10-12 14:20:44 - PHP Warning:  ftp_put(): Filename invalid in C:\xampp\htdocs\OC_slapslap_PAV\admin\controller\extension\installer.php on line 345
2016-10-12 14:20:44 - PHP Warning:  ftp_put(): Filename invalid in C:\xampp\htdocs\OC_slapslap_PAV\admin\controller\extension\installer.php on line 345
2016-10-12 14:20:44 - PHP Warning:  ftp_put(): Filename invalid in C:\xampp\htdocs\OC_slapslap_PAV\admin\controller\extension\installer.php on line 345
2016-10-12 14:20:44 - PHP Warning:  Invalid argument supplied for foreach() in C:\xampp\htdocs\OC_slapslap_PAV\admin\controller\extension\installer.php on line 333
2016-10-12 14:20:44 - PHP Warning:  ftp_mkdir(): Can't create directory. Permission denied in C:\xampp\htdocs\OC_slapslap_PAV\admin\controller\extension\installer.php on line 338
2016-10-12 14:20:44 - PHP Warning:  Invalid argument supplied for foreach() in C:\xampp\htdocs\OC_slapslap_PAV\admin\controller\extension\installer.php on line 333
2016-10-12 14:20:44 - PHP Warning:  ftp_mkdir(): Can't create directory. Permission denied in C:\xampp\htdocs\OC_slapslap_PAV\admin\controller\extension\installer.php on line 338
2016-10-12 14:20:44 - PHP Warning:  ftp_put(): Filename invalid in C:\xampp\htdocs\OC_slapslap_PAV\admin\controller\extension\installer.php on line 345
2016-10-12 14:28:57 - PHP Warning:  ftp_put(): Permission denied in C:\xampp\htdocs\OC_slapslap_PAV\admin\controller\extension\installer.php on line 345
2016-10-12 14:28:57 - PHP Warning:  ftp_put(): Permission denied in C:\xampp\htdocs\OC_slapslap_PAV\admin\controller\extension\installer.php on line 345
2016-10-12 14:28:57 - PHP Warning:  ftp_put(): Permission denied in C:\xampp\htdocs\OC_slapslap_PAV\admin\controller\extension\installer.php on line 345
2016-10-12 14:28:57 - PHP Warning:  ftp_put(): Permission denied in C:\xampp\htdocs\OC_slapslap_PAV\admin\controller\extension\installer.php on line 345
2016-10-12 14:28:57 - PHP Warning:  ftp_put(): Permission denied in C:\xampp\htdocs\OC_slapslap_PAV\admin\controller\extension\installer.php on line 345
2016-10-12 14:28:57 - PHP Warning:  ftp_put(): Permission denied in C:\xampp\htdocs\OC_slapslap_PAV\admin\controller\extension\installer.php on line 345
2016-10-12 14:28:57 - PHP Warning:  ftp_put(): Permission denied in C:\xampp\htdocs\OC_slapslap_PAV\admin\controller\extension\installer.php on line 345
2016-10-12 14:28:57 - PHP Warning:  ftp_put(): Permission denied in C:\xampp\htdocs\OC_slapslap_PAV\admin\controller\extension\installer.php on line 345
2016-10-12 14:30:47 - PHP Warning:  ftp_put(): Permission denied in C:\xampp\htdocs\OC_slapslap_PAV\admin\controller\extension\installer.php on line 345
2016-10-12 14:30:47 - PHP Warning:  ftp_put(): Permission denied in C:\xampp\htdocs\OC_slapslap_PAV\admin\controller\extension\installer.php on line 345
2016-10-12 14:30:47 - PHP Warning:  ftp_put(): Permission denied in C:\xampp\htdocs\OC_slapslap_PAV\admin\controller\extension\installer.php on line 345
2016-10-12 14:30:47 - PHP Warning:  ftp_put(): Permission denied in C:\xampp\htdocs\OC_slapslap_PAV\admin\controller\extension\installer.php on line 345
2016-10-12 14:30:47 - PHP Warning:  ftp_put(): Permission denied in C:\xampp\htdocs\OC_slapslap_PAV\admin\controller\extension\installer.php on line 345
2016-10-12 14:30:47 - PHP Warning:  ftp_put(): Permission denied in C:\xampp\htdocs\OC_slapslap_PAV\admin\controller\extension\installer.php on line 345
2016-10-12 14:30:47 - PHP Warning:  ftp_put(): Permission denied in C:\xampp\htdocs\OC_slapslap_PAV\admin\controller\extension\installer.php on line 345
2016-10-12 14:30:47 - PHP Warning:  ftp_put(): Permission denied in C:\xampp\htdocs\OC_slapslap_PAV\admin\controller\extension\installer.php on line 345
2016-10-12 14:31:37 - PHP Warning:  ftp_put(): Permission denied in C:\xampp\htdocs\OC_slapslap_PAV\admin\controller\extension\installer.php on line 345
2016-10-12 14:31:38 - PHP Warning:  ftp_put(): Permission denied in C:\xampp\htdocs\OC_slapslap_PAV\admin\controller\extension\installer.php on line 345
2016-10-12 14:31:38 - PHP Warning:  ftp_put(): Permission denied in C:\xampp\htdocs\OC_slapslap_PAV\admin\controller\extension\installer.php on line 345
2016-10-12 14:31:38 - PHP Warning:  ftp_put(): Permission denied in C:\xampp\htdocs\OC_slapslap_PAV\admin\controller\extension\installer.php on line 345
2016-10-12 14:31:38 - PHP Warning:  ftp_put(): Permission denied in C:\xampp\htdocs\OC_slapslap_PAV\admin\controller\extension\installer.php on line 345
2016-10-12 14:31:38 - PHP Warning:  ftp_put(): Permission denied in C:\xampp\htdocs\OC_slapslap_PAV\admin\controller\extension\installer.php on line 345
2016-10-12 14:31:38 - PHP Warning:  ftp_put(): Permission denied in C:\xampp\htdocs\OC_slapslap_PAV\admin\controller\extension\installer.php on line 345
2016-10-12 14:31:38 - PHP Warning:  ftp_put(): Permission denied in C:\xampp\htdocs\OC_slapslap_PAV\admin\controller\extension\installer.php on line 345
2016-10-12 14:33:11 - PHP Warning:  ftp_put(): Permission denied in C:\xampp\htdocs\OC_slapslap_PAV\admin\controller\extension\installer.php on line 345
2016-10-12 14:33:11 - PHP Warning:  ftp_put(): Permission denied in C:\xampp\htdocs\OC_slapslap_PAV\admin\controller\extension\installer.php on line 345
2016-10-12 14:33:11 - PHP Warning:  ftp_put(): Permission denied in C:\xampp\htdocs\OC_slapslap_PAV\admin\controller\extension\installer.php on line 345
2016-10-12 14:33:11 - PHP Warning:  ftp_put(): Permission denied in C:\xampp\htdocs\OC_slapslap_PAV\admin\controller\extension\installer.php on line 345
2016-10-12 14:33:11 - PHP Warning:  ftp_put(): Permission denied in C:\xampp\htdocs\OC_slapslap_PAV\admin\controller\extension\installer.php on line 345
2016-10-12 14:33:11 - PHP Warning:  ftp_put(): Permission denied in C:\xampp\htdocs\OC_slapslap_PAV\admin\controller\extension\installer.php on line 345
2016-10-12 14:33:11 - PHP Warning:  ftp_put(): Permission denied in C:\xampp\htdocs\OC_slapslap_PAV\admin\controller\extension\installer.php on line 345
2016-10-12 14:33:11 - PHP Warning:  ftp_put(): Permission denied in C:\xampp\htdocs\OC_slapslap_PAV\admin\controller\extension\installer.php on line 345
2016-10-12 14:34:01 - PHP Warning:  ftp_put(): Permission denied in C:\xampp\htdocs\OC_slapslap_PAV\admin\controller\extension\installer.php on line 345
2016-10-12 14:34:02 - PHP Warning:  ftp_put(): Permission denied in C:\xampp\htdocs\OC_slapslap_PAV\admin\controller\extension\installer.php on line 345
2016-10-12 14:34:02 - PHP Warning:  ftp_put(): Permission denied in C:\xampp\htdocs\OC_slapslap_PAV\admin\controller\extension\installer.php on line 345
2016-10-12 14:34:02 - PHP Warning:  ftp_put(): Permission denied in C:\xampp\htdocs\OC_slapslap_PAV\admin\controller\extension\installer.php on line 345
2016-10-12 14:34:02 - PHP Warning:  ftp_put(): Permission denied in C:\xampp\htdocs\OC_slapslap_PAV\admin\controller\extension\installer.php on line 345
2016-10-12 14:34:02 - PHP Warning:  ftp_put(): Permission denied in C:\xampp\htdocs\OC_slapslap_PAV\admin\controller\extension\installer.php on line 345
2016-10-12 14:34:02 - PHP Warning:  ftp_put(): Permission denied in C:\xampp\htdocs\OC_slapslap_PAV\admin\controller\extension\installer.php on line 345
2016-10-12 14:34:02 - PHP Warning:  ftp_put(): Permission denied in C:\xampp\htdocs\OC_slapslap_PAV\admin\controller\extension\installer.php on line 345
2016-10-12 14:36:01 - PHP Warning:  ftp_put(): Permission denied in C:\xampp\htdocs\OC_slapslap_PAV\admin\controller\extension\installer.php on line 345
2016-10-12 14:36:01 - PHP Warning:  ftp_put(): Permission denied in C:\xampp\htdocs\OC_slapslap_PAV\admin\controller\extension\installer.php on line 345
2016-10-12 14:36:01 - PHP Warning:  ftp_put(): Permission denied in C:\xampp\htdocs\OC_slapslap_PAV\admin\controller\extension\installer.php on line 345
2016-10-12 14:36:01 - PHP Warning:  ftp_put(): Permission denied in C:\xampp\htdocs\OC_slapslap_PAV\admin\controller\extension\installer.php on line 345
2016-10-12 14:36:01 - PHP Warning:  ftp_put(): Permission denied in C:\xampp\htdocs\OC_slapslap_PAV\admin\controller\extension\installer.php on line 345
2016-10-12 14:36:01 - PHP Warning:  ftp_put(): Permission denied in C:\xampp\htdocs\OC_slapslap_PAV\admin\controller\extension\installer.php on line 345
2016-10-12 14:36:01 - PHP Warning:  ftp_put(): Permission denied in C:\xampp\htdocs\OC_slapslap_PAV\admin\controller\extension\installer.php on line 345
2016-10-12 14:36:01 - PHP Warning:  ftp_put(): Permission denied in C:\xampp\htdocs\OC_slapslap_PAV\admin\controller\extension\installer.php on line 345
2016-10-12 14:37:30 - PHP Warning:  ftp_put(): Permission denied in C:\xampp\htdocs\OC_slapslap_PAV\admin\controller\extension\installer.php on line 345
2016-10-12 14:37:30 - PHP Warning:  ftp_put(): Permission denied in C:\xampp\htdocs\OC_slapslap_PAV\admin\controller\extension\installer.php on line 345
2016-10-12 14:37:30 - PHP Warning:  ftp_put(): Permission denied in C:\xampp\htdocs\OC_slapslap_PAV\admin\controller\extension\installer.php on line 345
2016-10-12 14:37:30 - PHP Warning:  ftp_put(): Permission denied in C:\xampp\htdocs\OC_slapslap_PAV\admin\controller\extension\installer.php on line 345
2016-10-12 14:37:30 - PHP Warning:  ftp_put(): Permission denied in C:\xampp\htdocs\OC_slapslap_PAV\admin\controller\extension\installer.php on line 345
2016-10-12 14:37:30 - PHP Warning:  ftp_put(): Permission denied in C:\xampp\htdocs\OC_slapslap_PAV\admin\controller\extension\installer.php on line 345
2016-10-12 14:37:30 - PHP Warning:  ftp_put(): Permission denied in C:\xampp\htdocs\OC_slapslap_PAV\admin\controller\extension\installer.php on line 345
2016-10-12 14:37:30 - PHP Warning:  ftp_put(): Permission denied in C:\xampp\htdocs\OC_slapslap_PAV\admin\controller\extension\installer.php on line 345
2016-10-12 14:44:00 - PHP Warning:  ftp_put(): Permission denied in C:\xampp\htdocs\OC_slapslap_PAV\admin\controller\extension\installer.php on line 345
2016-10-12 14:44:00 - PHP Warning:  ftp_put(): Permission denied in C:\xampp\htdocs\OC_slapslap_PAV\admin\controller\extension\installer.php on line 345
2016-10-12 14:44:00 - PHP Warning:  ftp_put(): Permission denied in C:\xampp\htdocs\OC_slapslap_PAV\admin\controller\extension\installer.php on line 345
2016-10-12 14:44:00 - PHP Warning:  ftp_put(): Permission denied in C:\xampp\htdocs\OC_slapslap_PAV\admin\controller\extension\installer.php on line 345
2016-10-12 14:44:00 - PHP Warning:  ftp_put(): Permission denied in C:\xampp\htdocs\OC_slapslap_PAV\admin\controller\extension\installer.php on line 345
2016-10-12 14:44:00 - PHP Warning:  ftp_put(): Permission denied in C:\xampp\htdocs\OC_slapslap_PAV\admin\controller\extension\installer.php on line 345
2016-10-12 14:44:00 - PHP Warning:  ftp_put(): Permission denied in C:\xampp\htdocs\OC_slapslap_PAV\admin\controller\extension\installer.php on line 345
2016-10-12 14:44:00 - PHP Warning:  ftp_put(): Permission denied in C:\xampp\htdocs\OC_slapslap_PAV\admin\controller\extension\installer.php on line 345
2016-10-12 14:52:52 - PHP Warning:  ftp_connect(): php_network_getaddresses: getaddrinfo failed: No such host is known.  in C:\xampp\htdocs\OC_slapslap_PAV\admin\controller\extension\installer.php on line 292
2016-10-12 14:53:16 - PHP Warning:  ftp_put(): Permission denied in C:\xampp\htdocs\OC_slapslap_PAV\admin\controller\extension\installer.php on line 345
2016-10-12 14:53:16 - PHP Warning:  ftp_put(): Permission denied in C:\xampp\htdocs\OC_slapslap_PAV\admin\controller\extension\installer.php on line 345
2016-10-12 14:53:16 - PHP Warning:  ftp_put(): Permission denied in C:\xampp\htdocs\OC_slapslap_PAV\admin\controller\extension\installer.php on line 345
2016-10-12 14:53:16 - PHP Warning:  ftp_put(): Permission denied in C:\xampp\htdocs\OC_slapslap_PAV\admin\controller\extension\installer.php on line 345
2016-10-12 14:53:16 - PHP Warning:  ftp_put(): Permission denied in C:\xampp\htdocs\OC_slapslap_PAV\admin\controller\extension\installer.php on line 345
2016-10-12 14:53:16 - PHP Warning:  ftp_put(): Permission denied in C:\xampp\htdocs\OC_slapslap_PAV\admin\controller\extension\installer.php on line 345
2016-10-12 14:53:16 - PHP Warning:  ftp_put(): Permission denied in C:\xampp\htdocs\OC_slapslap_PAV\admin\controller\extension\installer.php on line 345
2016-10-12 14:53:16 - PHP Warning:  ftp_put(): Permission denied in C:\xampp\htdocs\OC_slapslap_PAV\admin\controller\extension\installer.php on line 345
2016-10-12 15:08:07 - PHP Warning:  file_get_contents(): SSL: The operation completed successfully.
 in C:\xampp\htdocs\OC_slapslap_PAV\catalog\controller\module\instagram.php on line 29
2016-10-12 15:08:07 - PHP Notice:  Trying to get property of non-object in C:\xampp\htdocs\OC_slapslap_PAV\catalog\controller\module\instagram.php on line 31
2016-10-12 15:08:07 - PHP Notice:  Trying to get property of non-object in C:\xampp\htdocs\OC_slapslap_PAV\catalog\controller\module\instagram.php on line 34
2016-10-12 15:08:07 - PHP Notice:  Trying to get property of non-object in C:\xampp\htdocs\OC_slapslap_PAV\catalog\controller\module\instagram.php on line 37
2016-10-12 15:08:31 - PHP Warning:  file_get_contents(): SSL: The operation completed successfully.
 in C:\xampp\htdocs\OC_slapslap_PAV\catalog\controller\module\instagram.php on line 29
2016-10-12 15:08:31 - PHP Notice:  Trying to get property of non-object in C:\xampp\htdocs\OC_slapslap_PAV\catalog\controller\module\instagram.php on line 31
2016-10-12 15:08:31 - PHP Notice:  Trying to get property of non-object in C:\xampp\htdocs\OC_slapslap_PAV\catalog\controller\module\instagram.php on line 34
2016-10-12 15:08:31 - PHP Notice:  Trying to get property of non-object in C:\xampp\htdocs\OC_slapslap_PAV\catalog\controller\module\instagram.php on line 37
2016-10-12 15:09:00 - PHP Warning:  file_get_contents(): SSL: The operation completed successfully.
 in C:\xampp\htdocs\OC_slapslap_PAV\catalog\controller\module\instagram.php on line 29
2016-10-12 15:09:00 - PHP Notice:  Trying to get property of non-object in C:\xampp\htdocs\OC_slapslap_PAV\catalog\controller\module\instagram.php on line 31
2016-10-12 15:09:00 - PHP Notice:  Trying to get property of non-object in C:\xampp\htdocs\OC_slapslap_PAV\catalog\controller\module\instagram.php on line 34
2016-10-12 15:09:00 - PHP Notice:  Trying to get property of non-object in C:\xampp\htdocs\OC_slapslap_PAV\catalog\controller\module\instagram.php on line 37
2016-10-12 16:46:02 - PHP Warning:  mail(): Failed to connect to mailserver at &quot;localhost&quot; port 25, verify your &quot;SMTP&quot; and &quot;smtp_port&quot; setting in php.ini or use ini_set() in C:\xampp\htdocs\OC_slapslap_PAV\system\library\mail.php on line 158
2016-10-12 16:59:17 - PHP Warning:  mail(): Failed to connect to mailserver at &quot;localhost&quot; port 25, verify your &quot;SMTP&quot; and &quot;smtp_port&quot; setting in php.ini or use ini_set() in C:\xampp\htdocs\OC_slapslap_PAV\system\library\mail.php on line 158
2016-10-12 17:04:08 - PHP Warning:  file_get_contents(): SSL: The operation completed successfully.
 in C:\xampp\htdocs\OC_slapslap_PAV\catalog\controller\module\instagram.php on line 29
2016-10-12 17:04:08 - PHP Notice:  Trying to get property of non-object in C:\xampp\htdocs\OC_slapslap_PAV\catalog\controller\module\instagram.php on line 31
2016-10-12 17:04:08 - PHP Notice:  Trying to get property of non-object in C:\xampp\htdocs\OC_slapslap_PAV\catalog\controller\module\instagram.php on line 34
2016-10-12 17:04:08 - PHP Notice:  Trying to get property of non-object in C:\xampp\htdocs\OC_slapslap_PAV\catalog\controller\module\instagram.php on line 37
2016-10-12 17:05:37 - PHP Warning:  file_get_contents(): SSL: The operation completed successfully.
 in C:\xampp\htdocs\OC_slapslap_PAV\catalog\controller\module\instagram.php on line 29
2016-10-12 17:05:37 - PHP Warning:  file_get_contents(): SSL: The operation completed successfully.
 in C:\xampp\htdocs\OC_slapslap_PAV\catalog\controller\module\instagram.php on line 29
2016-10-12 17:05:37 - PHP Notice:  Trying to get property of non-object in C:\xampp\htdocs\OC_slapslap_PAV\catalog\controller\module\instagram.php on line 31
2016-10-12 17:05:37 - PHP Notice:  Trying to get property of non-object in C:\xampp\htdocs\OC_slapslap_PAV\catalog\controller\module\instagram.php on line 34
2016-10-12 17:05:37 - PHP Notice:  Trying to get property of non-object in C:\xampp\htdocs\OC_slapslap_PAV\catalog\controller\module\instagram.php on line 37
2016-10-12 17:18:14 - PHP Warning:  fsockopen(): unable to connect to mail.gmail.com:25 (A connection attempt failed because the connected party did not properly respond after a period of time, or established connection failed because connected host has failed to respond.
) in C:\xampp\htdocs\OC_slapslap_PAV\system\library\mail.php on line 167
2016-10-12 17:22:36 - PHP Warning:  fsockopen(): unable to connect to ssl://smtp.gmail.com:25 (A connection attempt failed because the connected party did not properly respond after a period of time, or established connection failed because connected host has failed to respond.
) in C:\xampp\htdocs\OC_slapslap_PAV\system\library\mail.php on line 167
2016-10-12 17:23:13 - PHP Warning:  fsockopen(): unable to connect to ssl://smtp.gmail.com:25 (A connection attempt failed because the connected party did not properly respond after a period of time, or established connection failed because connected host has failed to respond.
) in C:\xampp\htdocs\OC_slapslap_PAV\system\library\mail.php on line 167
2016-10-12 17:25:35 - PHP Warning:  fsockopen(): unable to connect to ssl://smtp.gmail.com:25 (A connection attempt failed because the connected party did not properly respond after a period of time, or established connection failed because connected host has failed to respond.
) in C:\xampp\htdocs\OC_slapslap_PAV\system\library\mail.php on line 167
2016-10-12 17:28:48 - PHP Warning:  mail(): Failed to connect to mailserver at &quot;localhost&quot; port 25, verify your &quot;SMTP&quot; and &quot;smtp_port&quot; setting in php.ini or use ini_set() in C:\xampp\htdocs\OC_slapslap_PAV\system\library\mail.php on line 158
2016-10-12 20:02:03 - PHP Warning:  mail(): Failed to connect to mailserver at &quot;localhost&quot; port 25, verify your &quot;SMTP&quot; and &quot;smtp_port&quot; setting in php.ini or use ini_set() in C:\xampp\htdocs\OC_slapslap_PAV\system\library\mail.php on line 158
2016-10-12 20:02:04 - PHP Warning:  mail(): Failed to connect to mailserver at &quot;localhost&quot; port 25, verify your &quot;SMTP&quot; and &quot;smtp_port&quot; setting in php.ini or use ini_set() in C:\xampp\htdocs\OC_slapslap_PAV\system\library\mail.php on line 158
2016-10-13 13:40:35 - PHP Warning:  mail(): Failed to connect to mailserver at &quot;localhost&quot; port 25, verify your &quot;SMTP&quot; and &quot;smtp_port&quot; setting in php.ini or use ini_set() in C:\xampp\htdocs\OC_slapslap_PAV\system\library\mail.php on line 158
2016-10-13 13:56:49 - PHP Warning:  mail(): Failed to connect to mailserver at &quot;localhost&quot; port 25, verify your &quot;SMTP&quot; and &quot;smtp_port&quot; setting in php.ini or use ini_set() in C:\xampp\htdocs\OC_slapslap_PAV\system\library\mail.php on line 158
2016-10-13 14:29:26 - PHP Notice:  Undefined index: attribute_group_id in C:\xampp\htdocs\OC_slapslap_PAV\admin\controller\catalog\attribute.php on line 377
2016-10-13 18:16:32 - PHP Warning:  mail(): Failed to connect to mailserver at &quot;localhost&quot; port 25, verify your &quot;SMTP&quot; and &quot;smtp_port&quot; setting in php.ini or use ini_set() in C:\xampp\htdocs\OC_slapslap_PAV\system\library\mail.php on line 158
2016-10-13 18:39:42 - PHP Notice:  Undefined property: Template\Basic::$registry in C:\xampp\htdocs\OC_slapslap_PAV\catalog\view\theme\pav_protector\template\module\pavdeals\carousel_deals.tpl on line 2
2016-10-13 18:41:50 - PHP Notice:  Undefined variable: registry in C:\xampp\htdocs\OC_slapslap_PAV\catalog\view\theme\pav_protector\template\module\pavdeals\carousel_deals.tpl on line 2
2016-10-13 18:41:51 - PHP Notice:  Undefined variable: registry in C:\xampp\htdocs\OC_slapslap_PAV\catalog\view\theme\pav_protector\template\module\pavdeals\carousel_deals.tpl on line 2
2016-10-13 18:41:53 - PHP Notice:  Undefined variable: registry in C:\xampp\htdocs\OC_slapslap_PAV\catalog\view\theme\pav_protector\template\module\pavdeals\carousel_deals.tpl on line 2
2016-10-13 18:43:24 - PHP Notice:  Undefined property: Template\Basic::$registry in C:\xampp\htdocs\OC_slapslap_PAV\catalog\view\theme\pav_protector\template\module\pavdeals\carousel_deals.tpl on line 2
2016-10-13 18:43:26 - PHP Notice:  Undefined property: Template\Basic::$registry in C:\xampp\htdocs\OC_slapslap_PAV\catalog\view\theme\pav_protector\template\module\pavdeals\carousel_deals.tpl on line 2
2016-10-13 18:43:27 - PHP Notice:  Undefined property: Template\Basic::$registry in C:\xampp\htdocs\OC_slapslap_PAV\catalog\view\theme\pav_protector\template\module\pavdeals\carousel_deals.tpl on line 2
2016-10-13 18:52:34 - PHP Notice:  Undefined property: Template\Basic::$registry in C:\xampp\htdocs\OC_slapslap_PAV\catalog\view\theme\pav_protector\template\module\pavdeals\carousel_deals.tpl on line 2
2016-10-13 19:04:52 - PHP Notice:  Undefined property: Template\Basic::$registry in C:\xampp\htdocs\OC_slapslap_PAV\catalog\view\theme\pav_protector\template\module\pavdeals\carousel_deals.tpl on line 2
2016-10-14 13:34:16 - PHP Notice:  Undefined property: Template\Basic::$registry in C:\xampp\htdocs\OC_slapslap_PAV\catalog\view\theme\pav_protector\template\module\pavdeals\carousel_deals.tpl on line 2
2016-10-14 14:10:37 - PHP Notice:  Undefined property: Template\Basic::$registry in C:\xampp\htdocs\OC_slapslap_PAV\catalog\view\theme\pav_protector\template\module\pavdeals\carousel_deals.tpl on line 4
2016-10-14 15:32:17 - PHP Notice:  Undefined variable: registry in C:\xampp\htdocs\OC_slapslap_PAV\catalog\view\theme\pav_protector\template\module\pavdeals\carousel_deals.tpl on line 3
2016-10-14 15:32:18 - PHP Notice:  Undefined variable: registry in C:\xampp\htdocs\OC_slapslap_PAV\catalog\view\theme\pav_protector\template\module\pavdeals\carousel_deals.tpl on line 3
2016-10-14 15:32:40 - PHP Notice:  Undefined variable: registry in C:\xampp\htdocs\OC_slapslap_PAV\catalog\view\theme\pav_protector\template\module\pavdeals\carousel_deals.tpl on line 3
2016-10-14 15:32:41 - PHP Notice:  Undefined variable: registry in C:\xampp\htdocs\OC_slapslap_PAV\catalog\view\theme\pav_protector\template\module\pavdeals\carousel_deals.tpl on line 3
2016-10-14 15:32:43 - PHP Notice:  Undefined variable: registry in C:\xampp\htdocs\OC_slapslap_PAV\catalog\view\theme\pav_protector\template\module\pavdeals\carousel_deals.tpl on line 3
2016-10-14 15:32:57 - PHP Unknown:  Object of class Registry could not be converted to string in C:\xampp\htdocs\OC_slapslap_PAV\catalog\view\theme\pav_protector\template\module\pavdeals\carousel_deals.tpl on line 4
2016-10-14 15:32:57 - PHP Notice:  Object of class Registry to string conversion in C:\xampp\htdocs\OC_slapslap_PAV\catalog\view\theme\pav_protector\template\module\pavdeals\carousel_deals.tpl on line 4
2016-10-14 15:32:57 - PHP Notice:  Undefined property: Template\Basic::$Object in C:\xampp\htdocs\OC_slapslap_PAV\catalog\view\theme\pav_protector\template\module\pavdeals\carousel_deals.tpl on line 4
2016-10-14 15:32:58 - PHP Unknown:  Object of class Registry could not be converted to string in C:\xampp\htdocs\OC_slapslap_PAV\catalog\view\theme\pav_protector\template\module\pavdeals\carousel_deals.tpl on line 4
2016-10-14 15:32:58 - PHP Notice:  Object of class Registry to string conversion in C:\xampp\htdocs\OC_slapslap_PAV\catalog\view\theme\pav_protector\template\module\pavdeals\carousel_deals.tpl on line 4
2016-10-14 15:32:58 - PHP Notice:  Undefined property: Template\Basic::$Object in C:\xampp\htdocs\OC_slapslap_PAV\catalog\view\theme\pav_protector\template\module\pavdeals\carousel_deals.tpl on line 4
2016-10-14 16:13:23 - PHP Warning:  mail(): Failed to connect to mailserver at &quot;localhost&quot; port 25, verify your &quot;SMTP&quot; and &quot;smtp_port&quot; setting in php.ini or use ini_set() in C:\xampp\htdocs\OC_slapslap_PAV\system\library\mail.php on line 158
2016-10-14 18:11:56 - PHP Warning:  mail(): Failed to connect to mailserver at &quot;localhost&quot; port 25, verify your &quot;SMTP&quot; and &quot;smtp_port&quot; setting in php.ini or use ini_set() in C:\xampp\htdocs\OC_slapslap_PAV\system\library\mail.php on line 158
2016-10-14 18:33:12 - PHP Notice:  Undefined variable: config in C:\xampp\htdocs\OC_slapslap_PAV\catalog\view\theme\pav_protector\template\pavblog\blog.tpl on line 128
2016-10-14 18:38:57 - PHP Notice:  Undefined variable: config in C:\xampp\htdocs\OC_slapslap_PAV\catalog\view\theme\pav_protector\template\pavblog\blog.tpl on line 132
2016-10-14 18:39:23 - PHP Notice:  Undefined variable: config in C:\xampp\htdocs\OC_slapslap_PAV\catalog\view\theme\pav_protector\template\pavblog\blog.tpl on line 132
2016-10-14 18:40:44 - PHP Notice:  Undefined variable: config in C:\xampp\htdocs\OC_slapslap_PAV\catalog\view\theme\pav_protector\template\pavblog\blog.tpl on line 133
2016-10-14 18:41:39 - PHP Notice:  Undefined variable: config in C:\xampp\htdocs\OC_slapslap_PAV\catalog\view\theme\pav_protector\template\pavblog\blog.tpl on line 132
2016-10-14 18:42:08 - PHP Notice:  Undefined variable: config in C:\xampp\htdocs\OC_slapslap_PAV\catalog\view\theme\pav_protector\template\pavblog\blog.tpl on line 132
2016-10-14 18:43:02 - PHP Notice:  Undefined variable: config in C:\xampp\htdocs\OC_slapslap_PAV\catalog\view\theme\pav_protector\template\pavblog\blog.tpl on line 132
2016-10-14 20:12:03 - PHP Warning:  Missing argument 2 for Cart\Currency::format(), called in C:\xampp\htdocs\OC_slapslap_PAV\system\pavothemes\widget\product_specials.php on line 138 and defined in C:\xampp\htdocs\OC_slapslap_PAV\system\library\cart\currency.php on line 24
2016-10-14 20:12:03 - PHP Notice:  Undefined variable: currency in C:\xampp\htdocs\OC_slapslap_PAV\system\library\cart\currency.php on line 25
2016-10-14 20:12:03 - PHP Notice:  Undefined index:  in C:\xampp\htdocs\OC_slapslap_PAV\system\library\cart\currency.php on line 25
2016-10-14 20:12:03 - PHP Notice:  Undefined variable: currency in C:\xampp\htdocs\OC_slapslap_PAV\system\library\cart\currency.php on line 26
2016-10-14 20:12:03 - PHP Notice:  Undefined index:  in C:\xampp\htdocs\OC_slapslap_PAV\system\library\cart\currency.php on line 26
2016-10-14 20:12:03 - PHP Notice:  Undefined variable: currency in C:\xampp\htdocs\OC_slapslap_PAV\system\library\cart\currency.php on line 27
2016-10-14 20:12:03 - PHP Notice:  Undefined index:  in C:\xampp\htdocs\OC_slapslap_PAV\system\library\cart\currency.php on line 27
2016-10-14 20:12:03 - PHP Notice:  Undefined variable: currency in C:\xampp\htdocs\OC_slapslap_PAV\system\library\cart\currency.php on line 30
2016-10-14 20:12:03 - PHP Notice:  Undefined index:  in C:\xampp\htdocs\OC_slapslap_PAV\system\library\cart\currency.php on line 30
2016-10-14 20:12:03 - PHP Warning:  Missing argument 2 for Cart\Currency::format(), called in C:\xampp\htdocs\OC_slapslap_PAV\system\pavothemes\widget\product_specials.php on line 144 and defined in C:\xampp\htdocs\OC_slapslap_PAV\system\library\cart\currency.php on line 24
2016-10-14 20:12:03 - PHP Notice:  Undefined variable: currency in C:\xampp\htdocs\OC_slapslap_PAV\system\library\cart\currency.php on line 25
2016-10-14 20:12:03 - PHP Notice:  Undefined index:  in C:\xampp\htdocs\OC_slapslap_PAV\system\library\cart\currency.php on line 25
2016-10-14 20:12:03 - PHP Notice:  Undefined variable: currency in C:\xampp\htdocs\OC_slapslap_PAV\system\library\cart\currency.php on line 26
2016-10-14 20:12:03 - PHP Notice:  Undefined index:  in C:\xampp\htdocs\OC_slapslap_PAV\system\library\cart\currency.php on line 26
2016-10-14 20:12:03 - PHP Notice:  Undefined variable: currency in C:\xampp\htdocs\OC_slapslap_PAV\system\library\cart\currency.php on line 27
2016-10-14 20:12:03 - PHP Notice:  Undefined index:  in C:\xampp\htdocs\OC_slapslap_PAV\system\library\cart\currency.php on line 27
2016-10-14 20:12:03 - PHP Notice:  Undefined variable: currency in C:\xampp\htdocs\OC_slapslap_PAV\system\library\cart\currency.php on line 30
2016-10-14 20:12:03 - PHP Notice:  Undefined index:  in C:\xampp\htdocs\OC_slapslap_PAV\system\library\cart\currency.php on line 30
2016-10-14 20:12:03 - PHP Warning:  require(C:/xampp/htdocs/OC_slapslap_PAV/catalog/view/theme//template/common/product/default.tpl): failed to open stream: No such file or directory in C:\xampp\htdocs\OC_slapslap_PAV\catalog\view\theme\pav_protector\template\module\widgets\product_specials.tpl on line 60
2016-10-14 20:36:14 - PHP Notice:  Undefined variable: link in C:\xampp\htdocs\OC_slapslap_PAV\catalog\view\theme\pav_protector\template\module\widgets\categories_list.tpl on line 13
2016-10-14 20:36:14 - PHP Notice:  Undefined variable: view_more in C:\xampp\htdocs\OC_slapslap_PAV\catalog\view\theme\pav_protector\template\module\widgets\categories_list.tpl on line 13
2016-10-14 20:36:16 - PHP Notice:  Undefined variable: link in C:\xampp\htdocs\OC_slapslap_PAV\catalog\view\theme\pav_protector\template\module\widgets\categories_list.tpl on line 13
2016-10-14 20:36:16 - PHP Notice:  Undefined variable: view_more in C:\xampp\htdocs\OC_slapslap_PAV\catalog\view\theme\pav_protector\template\module\widgets\categories_list.tpl on line 13
2016-10-14 20:40:11 - PHP Notice:  Undefined variable: link in C:\xampp\htdocs\OC_slapslap_PAV\catalog\view\theme\pav_protector\template\module\widgets\categories_list.tpl on line 13
2016-10-14 20:40:14 - PHP Notice:  Undefined variable: link in C:\xampp\htdocs\OC_slapslap_PAV\catalog\view\theme\pav_protector\template\module\widgets\categories_list.tpl on line 13
2016-10-14 20:40:26 - PHP Notice:  Undefined variable: link in C:\xampp\htdocs\OC_slapslap_PAV\catalog\view\theme\pav_protector\template\module\widgets\categories_list.tpl on line 13
2016-10-14 20:40:29 - PHP Notice:  Undefined variable: link in C:\xampp\htdocs\OC_slapslap_PAV\catalog\view\theme\pav_protector\template\module\widgets\categories_list.tpl on line 13
2016-10-14 20:41:31 - PHP Notice:  Undefined variable: link in C:\xampp\htdocs\OC_slapslap_PAV\catalog\view\theme\pav_protector\template\module\widgets\categories_list.tpl on line 13
2016-10-14 20:41:31 - PHP Notice:  Undefined variable: view_more in C:\xampp\htdocs\OC_slapslap_PAV\catalog\view\theme\pav_protector\template\module\widgets\categories_list.tpl on line 13
2016-10-14 20:41:32 - PHP Notice:  Undefined variable: link in C:\xampp\htdocs\OC_slapslap_PAV\catalog\view\theme\pav_protector\template\module\widgets\categories_list.tpl on line 13
2016-10-14 20:41:32 - PHP Notice:  Undefined variable: view_more in C:\xampp\htdocs\OC_slapslap_PAV\catalog\view\theme\pav_protector\template\module\widgets\categories_list.tpl on line 13
2016-10-14 20:45:59 - PHP Notice:  Undefined variable: link in C:\xampp\htdocs\OC_slapslap_PAV\catalog\view\theme\pav_protector\template\module\widgets\categories_list.tpl on line 13
2016-10-14 20:45:59 - PHP Notice:  Undefined variable: view_more in C:\xampp\htdocs\OC_slapslap_PAV\catalog\view\theme\pav_protector\template\module\widgets\categories_list.tpl on line 13
2016-10-14 20:46:01 - PHP Notice:  Undefined variable: link in C:\xampp\htdocs\OC_slapslap_PAV\catalog\view\theme\pav_protector\template\module\widgets\categories_list.tpl on line 13
2016-10-14 20:46:01 - PHP Notice:  Undefined variable: view_more in C:\xampp\htdocs\OC_slapslap_PAV\catalog\view\theme\pav_protector\template\module\widgets\categories_list.tpl on line 13
2016-10-14 20:49:36 - PHP Notice:  Undefined variable: link in C:\xampp\htdocs\OC_slapslap_PAV\catalog\view\theme\pav_protector\template\module\widgets\categories_list.tpl on line 13
2016-10-14 20:49:36 - PHP Notice:  Undefined variable: view_more in C:\xampp\htdocs\OC_slapslap_PAV\catalog\view\theme\pav_protector\template\module\widgets\categories_list.tpl on line 13
2016-10-14 20:49:38 - PHP Notice:  Undefined variable: link in C:\xampp\htdocs\OC_slapslap_PAV\catalog\view\theme\pav_protector\template\module\widgets\categories_list.tpl on line 13
2016-10-14 20:49:38 - PHP Notice:  Undefined variable: view_more in C:\xampp\htdocs\OC_slapslap_PAV\catalog\view\theme\pav_protector\template\module\widgets\categories_list.tpl on line 13
2016-10-14 20:50:47 - PHP Notice:  Undefined variable: link in C:\xampp\htdocs\OC_slapslap_PAV\catalog\view\theme\pav_protector\template\module\widgets\categories_list.tpl on line 13
2016-10-14 20:50:47 - PHP Notice:  Undefined variable: view_more in C:\xampp\htdocs\OC_slapslap_PAV\catalog\view\theme\pav_protector\template\module\widgets\categories_list.tpl on line 13
2016-10-14 20:50:48 - PHP Notice:  Undefined variable: link in C:\xampp\htdocs\OC_slapslap_PAV\catalog\view\theme\pav_protector\template\module\widgets\categories_list.tpl on line 13
2016-10-14 20:50:48 - PHP Notice:  Undefined variable: view_more in C:\xampp\htdocs\OC_slapslap_PAV\catalog\view\theme\pav_protector\template\module\widgets\categories_list.tpl on line 13
2016-10-14 20:51:18 - PHP Notice:  Undefined variable: link in C:\xampp\htdocs\OC_slapslap_PAV\catalog\view\theme\pav_protector\template\module\widgets\categories_list.tpl on line 13
2016-10-14 20:51:18 - PHP Notice:  Undefined variable: view_more in C:\xampp\htdocs\OC_slapslap_PAV\catalog\view\theme\pav_protector\template\module\widgets\categories_list.tpl on line 13
2016-10-14 20:51:19 - PHP Notice:  Undefined variable: link in C:\xampp\htdocs\OC_slapslap_PAV\catalog\view\theme\pav_protector\template\module\widgets\categories_list.tpl on line 13
2016-10-14 20:51:19 - PHP Notice:  Undefined variable: view_more in C:\xampp\htdocs\OC_slapslap_PAV\catalog\view\theme\pav_protector\template\module\widgets\categories_list.tpl on line 13
2016-10-14 20:52:20 - PHP Notice:  Undefined variable: link in C:\xampp\htdocs\OC_slapslap_PAV\catalog\view\theme\pav_protector\template\module\widgets\categories_list.tpl on line 13
2016-10-14 20:52:20 - PHP Notice:  Undefined variable: view_more in C:\xampp\htdocs\OC_slapslap_PAV\catalog\view\theme\pav_protector\template\module\widgets\categories_list.tpl on line 13
2016-10-14 20:52:24 - PHP Notice:  Undefined variable: link in C:\xampp\htdocs\OC_slapslap_PAV\catalog\view\theme\pav_protector\template\module\widgets\categories_list.tpl on line 13
2016-10-14 20:52:24 - PHP Notice:  Undefined variable: view_more in C:\xampp\htdocs\OC_slapslap_PAV\catalog\view\theme\pav_protector\template\module\widgets\categories_list.tpl on line 13
2016-10-14 20:52:40 - PHP Notice:  Undefined variable: link in C:\xampp\htdocs\OC_slapslap_PAV\catalog\view\theme\pav_protector\template\module\widgets\categories_list.tpl on line 13
2016-10-14 20:52:40 - PHP Notice:  Undefined variable: view_more in C:\xampp\htdocs\OC_slapslap_PAV\catalog\view\theme\pav_protector\template\module\widgets\categories_list.tpl on line 13
2016-10-14 20:52:43 - PHP Notice:  Undefined variable: link in C:\xampp\htdocs\OC_slapslap_PAV\catalog\view\theme\pav_protector\template\module\widgets\categories_list.tpl on line 13
2016-10-14 20:52:43 - PHP Notice:  Undefined variable: view_more in C:\xampp\htdocs\OC_slapslap_PAV\catalog\view\theme\pav_protector\template\module\widgets\categories_list.tpl on line 13
2016-10-14 20:54:07 - PHP Notice:  Undefined variable: link in C:\xampp\htdocs\OC_slapslap_PAV\catalog\view\theme\pav_protector\template\module\widgets\categories_list.tpl on line 13
2016-10-14 20:54:07 - PHP Notice:  Undefined variable: view_more in C:\xampp\htdocs\OC_slapslap_PAV\catalog\view\theme\pav_protector\template\module\widgets\categories_list.tpl on line 13
2016-10-14 20:54:08 - PHP Notice:  Undefined variable: link in C:\xampp\htdocs\OC_slapslap_PAV\catalog\view\theme\pav_protector\template\module\widgets\categories_list.tpl on line 13
2016-10-14 20:54:08 - PHP Notice:  Undefined variable: view_more in C:\xampp\htdocs\OC_slapslap_PAV\catalog\view\theme\pav_protector\template\module\widgets\categories_list.tpl on line 13
2016-10-14 20:54:56 - PHP Notice:  Undefined variable: link in C:\xampp\htdocs\OC_slapslap_PAV\catalog\view\theme\pav_protector\template\module\widgets\categories_list.tpl on line 13
2016-10-14 20:54:56 - PHP Notice:  Undefined variable: view_more in C:\xampp\htdocs\OC_slapslap_PAV\catalog\view\theme\pav_protector\template\module\widgets\categories_list.tpl on line 13
2016-10-14 20:54:58 - PHP Notice:  Undefined variable: link in C:\xampp\htdocs\OC_slapslap_PAV\catalog\view\theme\pav_protector\template\module\widgets\categories_list.tpl on line 13
2016-10-14 20:54:58 - PHP Notice:  Undefined variable: view_more in C:\xampp\htdocs\OC_slapslap_PAV\catalog\view\theme\pav_protector\template\module\widgets\categories_list.tpl on line 13
2016-10-14 20:55:31 - PHP Notice:  Undefined variable: link in C:\xampp\htdocs\OC_slapslap_PAV\catalog\view\theme\pav_protector\template\module\widgets\categories_list.tpl on line 13
2016-10-14 20:55:31 - PHP Notice:  Undefined variable: view_more in C:\xampp\htdocs\OC_slapslap_PAV\catalog\view\theme\pav_protector\template\module\widgets\categories_list.tpl on line 13
2016-10-14 20:55:33 - PHP Notice:  Undefined variable: link in C:\xampp\htdocs\OC_slapslap_PAV\catalog\view\theme\pav_protector\template\module\widgets\categories_list.tpl on line 13
2016-10-14 20:55:33 - PHP Notice:  Undefined variable: view_more in C:\xampp\htdocs\OC_slapslap_PAV\catalog\view\theme\pav_protector\template\module\widgets\categories_list.tpl on line 13
2016-10-14 20:59:30 - PHP Notice:  Undefined variable: link in C:\xampp\htdocs\OC_slapslap_PAV\catalog\view\theme\pav_protector\template\module\widgets\categories_list.tpl on line 13
2016-10-14 20:59:30 - PHP Notice:  Undefined variable: view_more in C:\xampp\htdocs\OC_slapslap_PAV\catalog\view\theme\pav_protector\template\module\widgets\categories_list.tpl on line 13
2016-10-14 20:59:31 - PHP Notice:  Undefined variable: link in C:\xampp\htdocs\OC_slapslap_PAV\catalog\view\theme\pav_protector\template\module\widgets\categories_list.tpl on line 13
2016-10-14 20:59:31 - PHP Notice:  Undefined variable: view_more in C:\xampp\htdocs\OC_slapslap_PAV\catalog\view\theme\pav_protector\template\module\widgets\categories_list.tpl on line 13
2016-10-14 21:00:31 - PHP Notice:  Undefined variable: link in C:\xampp\htdocs\OC_slapslap_PAV\catalog\view\theme\pav_protector\template\module\widgets\categories_list.tpl on line 13
2016-10-14 21:00:31 - PHP Notice:  Undefined variable: view_more in C:\xampp\htdocs\OC_slapslap_PAV\catalog\view\theme\pav_protector\template\module\widgets\categories_list.tpl on line 13
2016-10-14 21:00:39 - PHP Notice:  Undefined variable: link in C:\xampp\htdocs\OC_slapslap_PAV\catalog\view\theme\pav_protector\template\module\widgets\categories_list.tpl on line 13
2016-10-14 21:00:39 - PHP Notice:  Undefined variable: view_more in C:\xampp\htdocs\OC_slapslap_PAV\catalog\view\theme\pav_protector\template\module\widgets\categories_list.tpl on line 13
2016-10-14 21:02:51 - PHP Notice:  Undefined variable: link in C:\xampp\htdocs\OC_slapslap_PAV\catalog\view\theme\pav_protector\template\module\widgets\categories_list.tpl on line 13
2016-10-14 21:02:51 - PHP Notice:  Undefined variable: view_more in C:\xampp\htdocs\OC_slapslap_PAV\catalog\view\theme\pav_protector\template\module\widgets\categories_list.tpl on line 13
2016-10-14 21:02:51 - PHP Notice:  Undefined variable: categories_list in C:\xampp\htdocs\OC_slapslap_PAV\catalog\view\theme\pav_protector\template\module\widgets\sub_categories.tpl on line 11
2016-10-14 21:02:51 - PHP Warning:  Invalid argument supplied for foreach() in C:\xampp\htdocs\OC_slapslap_PAV\catalog\view\theme\pav_protector\template\module\widgets\sub_categories.tpl on line 11
2016-10-14 21:02:51 - PHP Notice:  Undefined variable: categories_list in C:\xampp\htdocs\OC_slapslap_PAV\catalog\view\theme\pav_protector\template\module\widgets\sub_categories.tpl on line 11
2016-10-14 21:02:51 - PHP Warning:  Invalid argument supplied for foreach() in C:\xampp\htdocs\OC_slapslap_PAV\catalog\view\theme\pav_protector\template\module\widgets\sub_categories.tpl on line 11
2016-10-14 21:02:53 - PHP Notice:  Undefined variable: link in C:\xampp\htdocs\OC_slapslap_PAV\catalog\view\theme\pav_protector\template\module\widgets\categories_list.tpl on line 13
2016-10-14 21:02:53 - PHP Notice:  Undefined variable: view_more in C:\xampp\htdocs\OC_slapslap_PAV\catalog\view\theme\pav_protector\template\module\widgets\categories_list.tpl on line 13
2016-10-14 21:02:53 - PHP Notice:  Undefined variable: categories_list in C:\xampp\htdocs\OC_slapslap_PAV\catalog\view\theme\pav_protector\template\module\widgets\sub_categories.tpl on line 11
2016-10-14 21:02:53 - PHP Warning:  Invalid argument supplied for foreach() in C:\xampp\htdocs\OC_slapslap_PAV\catalog\view\theme\pav_protector\template\module\widgets\sub_categories.tpl on line 11
2016-10-14 21:02:53 - PHP Notice:  Undefined variable: categories_list in C:\xampp\htdocs\OC_slapslap_PAV\catalog\view\theme\pav_protector\template\module\widgets\sub_categories.tpl on line 11
2016-10-14 21:02:53 - PHP Warning:  Invalid argument supplied for foreach() in C:\xampp\htdocs\OC_slapslap_PAV\catalog\view\theme\pav_protector\template\module\widgets\sub_categories.tpl on line 11
2016-10-14 21:03:49 - PHP Notice:  Undefined variable: link in C:\xampp\htdocs\OC_slapslap_PAV\catalog\view\theme\pav_protector\template\module\widgets\categories_list.tpl on line 13
2016-10-14 21:03:49 - PHP Notice:  Undefined variable: view_more in C:\xampp\htdocs\OC_slapslap_PAV\catalog\view\theme\pav_protector\template\module\widgets\categories_list.tpl on line 13
2016-10-14 21:03:52 - PHP Notice:  Undefined variable: link in C:\xampp\htdocs\OC_slapslap_PAV\catalog\view\theme\pav_protector\template\module\widgets\categories_list.tpl on line 13
2016-10-14 21:03:52 - PHP Notice:  Undefined variable: view_more in C:\xampp\htdocs\OC_slapslap_PAV\catalog\view\theme\pav_protector\template\module\widgets\categories_list.tpl on line 13
2016-10-14 21:04:07 - PHP Notice:  Undefined variable: link in C:\xampp\htdocs\OC_slapslap_PAV\catalog\view\theme\pav_protector\template\module\widgets\categories_list.tpl on line 13
2016-10-14 21:04:07 - PHP Notice:  Undefined variable: view_more in C:\xampp\htdocs\OC_slapslap_PAV\catalog\view\theme\pav_protector\template\module\widgets\categories_list.tpl on line 13
2016-10-14 21:04:08 - PHP Notice:  Undefined variable: link in C:\xampp\htdocs\OC_slapslap_PAV\catalog\view\theme\pav_protector\template\module\widgets\categories_list.tpl on line 13
2016-10-14 21:04:08 - PHP Notice:  Undefined variable: view_more in C:\xampp\htdocs\OC_slapslap_PAV\catalog\view\theme\pav_protector\template\module\widgets\categories_list.tpl on line 13
2016-10-14 21:11:20 - PHP Warning:  file_get_contents(): php_network_getaddresses: getaddrinfo failed: This is usually a temporary error during hostname resolution and means that the local server did not receive a response from an authoritative server.  in C:\xampp\htdocs\OC_slapslap_PAV\catalog\controller\module\instagram.php on line 29
2016-10-14 21:11:20 - PHP Warning:  file_get_contents(https://www.instagram.com/slapshopmy/media): failed to open stream: php_network_getaddresses: getaddrinfo failed: This is usually a temporary error during hostname resolution and means that the local server did not receive a response from an authoritative server.  in C:\xampp\htdocs\OC_slapslap_PAV\catalog\controller\module\instagram.php on line 29
2016-10-14 21:11:20 - PHP Notice:  Trying to get property of non-object in C:\xampp\htdocs\OC_slapslap_PAV\catalog\controller\module\instagram.php on line 31
2016-10-14 21:11:20 - PHP Notice:  Trying to get property of non-object in C:\xampp\htdocs\OC_slapslap_PAV\catalog\controller\module\instagram.php on line 34
2016-10-14 21:11:20 - PHP Notice:  Trying to get property of non-object in C:\xampp\htdocs\OC_slapslap_PAV\catalog\controller\module\instagram.php on line 37
2016-10-14 21:44:41 - PHP Warning:  file_get_contents(): php_network_getaddresses: getaddrinfo failed: This is usually a temporary error during hostname resolution and means that the local server did not receive a response from an authoritative server.  in C:\xampp\htdocs\OC_slapslap_PAV\catalog\controller\module\instagram.php on line 29
2016-10-14 21:44:41 - PHP Warning:  file_get_contents(https://www.instagram.com/slapshopmy/media): failed to open stream: php_network_getaddresses: getaddrinfo failed: This is usually a temporary error during hostname resolution and means that the local server did not receive a response from an authoritative server.  in C:\xampp\htdocs\OC_slapslap_PAV\catalog\controller\module\instagram.php on line 29
2016-10-14 21:44:41 - PHP Notice:  Trying to get property of non-object in C:\xampp\htdocs\OC_slapslap_PAV\catalog\controller\module\instagram.php on line 31
2016-10-14 21:44:41 - PHP Notice:  Trying to get property of non-object in C:\xampp\htdocs\OC_slapslap_PAV\catalog\controller\module\instagram.php on line 34
2016-10-14 21:44:41 - PHP Notice:  Trying to get property of non-object in C:\xampp\htdocs\OC_slapslap_PAV\catalog\controller\module\instagram.php on line 37
2016-10-17 13:02:03 - PHP Notice:  Trying to get property of non-object in C:\xampp\htdocs\OC_slapslap_PAV\catalog\controller\module\instagram.php on line 31
2016-10-17 13:02:03 - PHP Notice:  Trying to get property of non-object in C:\xampp\htdocs\OC_slapslap_PAV\catalog\controller\module\instagram.php on line 34
2016-10-17 13:02:03 - PHP Notice:  Trying to get property of non-object in C:\xampp\htdocs\OC_slapslap_PAV\catalog\controller\module\instagram.php on line 37
2016-10-17 16:51:12 - PHP Warning:  mail(): Failed to connect to mailserver at &quot;localhost&quot; port 25, verify your &quot;SMTP&quot; and &quot;smtp_port&quot; setting in php.ini or use ini_set() in C:\xampp\htdocs\OC_slapslap_PAV\system\library\mail.php on line 156
2016-10-17 16:51:13 - PHP Warning:  mail(): Failed to connect to mailserver at &quot;localhost&quot; port 25, verify your &quot;SMTP&quot; and &quot;smtp_port&quot; setting in php.ini or use ini_set() in C:\xampp\htdocs\OC_slapslap_PAV\system\library\mail.php on line 156
2016-10-17 16:55:29 - PHP Warning:  mail(): Failed to connect to mailserver at &quot;localhost&quot; port 25, verify your &quot;SMTP&quot; and &quot;smtp_port&quot; setting in php.ini or use ini_set() in C:\xampp\htdocs\OC_slapslap_PAV\system\library\mail.php on line 156
2016-10-17 16:55:30 - PHP Warning:  mail(): Failed to connect to mailserver at &quot;localhost&quot; port 25, verify your &quot;SMTP&quot; and &quot;smtp_port&quot; setting in php.ini or use ini_set() in C:\xampp\htdocs\OC_slapslap_PAV\system\library\mail.php on line 156
2016-10-17 16:59:32 - PHP Warning:  mail(): Failed to connect to mailserver at &quot;localhost&quot; port 25, verify your &quot;SMTP&quot; and &quot;smtp_port&quot; setting in php.ini or use ini_set() in C:\xampp\htdocs\OC_slapslap_PAV\system\library\mail.php on line 156
2016-10-17 18:22:40 - PHP Warning:  mail(): Failed to connect to mailserver at &quot;localhost&quot; port 25, verify your &quot;SMTP&quot; and &quot;smtp_port&quot; setting in php.ini or use ini_set() in C:\xampp\htdocs\OC_slapslap_PAV\system\library\mail.php on line 156
2016-10-17 18:22:41 - PHP Warning:  mail(): Failed to connect to mailserver at &quot;localhost&quot; port 25, verify your &quot;SMTP&quot; and &quot;smtp_port&quot; setting in php.ini or use ini_set() in C:\xampp\htdocs\OC_slapslap_PAV\system\library\mail.php on line 156
2016-10-18 6:55:39 - PHP Warning:  file_get_contents(https://www.instagram.com/slapshopmy/media): failed to open stream: A connection attempt failed because the connected party did not properly respond after a period of time, or established connection failed because connected host has failed to respond.
 in C:\xampp\htdocs\OC_slapslap_PAV\catalog\controller\module\instagram.php on line 29
2016-10-18 6:55:39 - PHP Notice:  Trying to get property of non-object in C:\xampp\htdocs\OC_slapslap_PAV\catalog\controller\module\instagram.php on line 31
2016-10-18 6:55:39 - PHP Notice:  Trying to get property of non-object in C:\xampp\htdocs\OC_slapslap_PAV\catalog\controller\module\instagram.php on line 34
2016-10-18 6:55:39 - PHP Notice:  Trying to get property of non-object in C:\xampp\htdocs\OC_slapslap_PAV\catalog\controller\module\instagram.php on line 37
